2023-10-13 18:09:06.985 [main/INFO ]: 运行成功！
2023-10-13 18:11:56.229 [main/INFO ]: 读取中...
2023-10-13 18:11:56.375 [main/INFO ]: 运行成功！
2023-10-13 18:12:27.930 [main/INFO ]: 读取中...
2023-10-13 18:12:28.253 [main/INFO ]: 运行成功！
2023-10-13 18:32:59.987 [main/INFO ]: 运行成功！
2023-10-13 18:37:01.173 [main/INFO ]: 读取中...
2023-10-13 18:37:01.203 [main/INFO ]: 运行成功！
2023-10-13 18:38:39.127 [main/INFO ]: 读取中...
2023-10-13 18:38:39.155 [main/INFO ]: 运行成功！
2023-10-13 18:39:21.352 [main/INFO ]: 读取中...
2023-10-13 18:39:21.379 [main/INFO ]: 运行成功！
2023-10-13 18:41:09.254 [main/INFO ]: 读取中...
2023-10-13 18:41:09.265 [main/INFO ]: 运行成功！
2023-10-13 18:42:24.091 [main/INFO ]: 读取中...
2023-10-13 18:42:24.128 [main/INFO ]: 运行成功！
2023-10-13 18:42:48.785 [main/INFO ]: 读取中...
2023-10-13 18:44:03.843 [main/INFO ]: 读取中...
2023-10-13 18:44:03.864 [main/INFO ]: 运行成功！
2023-10-13 18:46:09.748 [main/INFO ]: 读取中...
2023-10-13 18:46:09.753 [main/INFO ]: 运行成功！
2023-10-13 18:47:24.605 [main/INFO ]: 读取中...
2023-10-13 18:47:24.616 [main/INFO ]: 运行成功！
2023-10-13 18:47:59.298 [main/INFO ]: 读取中...
2023-10-13 18:47:59.751 [main/INFO ]: 运行成功！
2023-10-13 18:49:02.075 [main/INFO ]: 运行成功！
2023-10-13 18:50:35.471 [main/INFO ]: 运行成功！
2023-10-13 18:51:45.509 [main/INFO ]: 运行成功！
2023-10-13 21:07:34.291 [main/INFO ]: 读取中...
2023-10-13 21:07:34.818 [main/INFO ]: 正在打开:filePath
2023-10-13 21:07:34.991 [main/INFO ]: 正在打开:filePath
2023-10-13 21:07:41.916 [main/INFO ]: 正在打开:filePath
2023-10-13 21:07:42.520 [main/INFO ]: 正在打开:filePath
2023-10-13 21:07:42.521 [main/INFO ]: 运行成功！
2023-10-13 21:12:16.515 [main/INFO ]: 读取中...
2023-10-13 21:12:16.873 [main/INFO ]: 正在打开:filePath
2023-10-13 21:12:16.967 [main/INFO ]: 正在打开:filePath
2023-10-13 21:12:21.560 [main/INFO ]: 正在打开:filePath
2023-10-13 21:12:21.852 [main/INFO ]: 正在打开:filePath
2023-10-13 21:12:21.858 [main/INFO ]: 运行成功！(总耗时：-5332ms)
2023-10-13 21:21:19.705 [main/INFO ]: 读取中...
2023-10-13 21:21:20.045 [main/INFO ]: 正在打开:filePath
2023-10-13 21:21:20.140 [main/INFO ]: 正在打开:filePath
2023-10-13 21:21:25.888 [main/INFO ]: 正在打开:filePath
2023-10-13 21:21:26.307 [main/INFO ]: 正在打开:filePath
2023-10-13 21:21:26.310 [main/INFO ]: 运行成功！(总耗时：6597.0min)
